{
  "RSpec": {
    "coverage": {
      "/Users/susanboyd/turing/1module/projects/black_thursday_project/black_thursday/spec/merchant_spec.rb": {
        "lines": [
          1,
          1,
          null,
          1,
          1,
          1,
          1,
          1,
          null,
          null,
          1,
          1,
          1,
          null,
          null,
          1,
          1,
          1,
          null,
          null,
          null
        ]
      },
      "/Users/susanboyd/turing/1module/projects/black_thursday_project/black_thursday/lib/merchant.rb": {
        "lines": [
          null,
          1,
          1,
          1,
          null,
          1,
          11404,
          11404,
          11404,
          11404,
          null,
          null
        ]
      },
      "/Users/susanboyd/turing/1module/projects/black_thursday_project/black_thursday/spec/merchant_repository_spec.rb": {
        "lines": [
          1,
          1,
          1,
          null,
          1,
          1,
          1,
          1,
          1,
          null,
          null,
          null,
          1,
          1,
          1,
          1,
          null,
          null,
          null,
          1,
          1,
          1,
          1,
          1,
          1,
          null,
          null,
          null,
          1,
          1,
          1,
          1,
          1,
          1,
          null,
          null,
          null,
          1,
          1,
          1,
          1,
          1,
          1,
          1,
          1,
          1,
          null,
          null,
          null,
          1,
          1,
          1,
          1,
          475,
          null,
          1,
          1,
          1,
          1,
          1,
          null,
          null,
          null,
          1,
          1,
          1,
          1,
          1,
          1,
          null,
          1,
          null,
          null,
          null,
          1,
          1,
          1,
          1,
          1,
          1,
          1,
          null,
          null,
          null
        ]
      },
      "/Users/susanboyd/turing/1module/projects/black_thursday_project/black_thursday/lib/merchants_repository.rb": {
        "lines": [
          1,
          1,
          1,
          1,
          null,
          1,
          1,
          1,
          1,
          1,
          null,
          1,
          24,
          11400,
          null,
          null,
          null,
          null,
          null,
          null,
          24,
          null,
          null,
          1,
          12377,
          null,
          null,
          1,
          3,
          null,
          null,
          1,
          6,
          2850,
          null,
          null,
          null,
          1,
          1,
          1,
          1,
          1,
          null,
          null
        ]
      },
      "/Users/susanboyd/turing/1module/projects/black_thursday_project/black_thursday/lib/repository_aide.rb": {
        "lines": [
          null,
          1,
          null,
          1,
          105,
          null,
          null,
          1,
          7,
          null,
          null,
          1,
          0,
          null,
          null,
          1,
          10245,
          7860,
          null,
          null,
          1,
          5329334,
          null,
          null,
          1,
          34648,
          6,
          null,
          null,
          1,
          6,
          29,
          6,
          6,
          6,
          6,
          null,
          null,
          1,
          6,
          6,
          6,
          11,
          11,
          null,
          null,
          6,
          null,
          6,
          null,
          null,
          1,
          11,
          11,
          null,
          null,
          1,
          6,
          null,
          null,
          1,
          337061,
          null,
          null
        ]
      },
      "/Users/susanboyd/turing/1module/projects/black_thursday_project/black_thursday/lib/time_helper.rb": {
        "lines": [
          1,
          1,
          null,
          1,
          116085,
          116085,
          116085,
          116085,
          116085,
          116085,
          null,
          null,
          1,
          14,
          14,
          14,
          null,
          null,
          1,
          2,
          null,
          null,
          2,
          2,
          null,
          null
        ]
      },
      "/Users/susanboyd/turing/1module/projects/black_thursday_project/black_thursday/spec/item_spec.rb": {
        "lines": [
          1,
          1,
          1,
          1,
          null,
          1,
          1,
          9,
          null,
          null,
          null,
          null,
          null,
          null,
          null,
          null,
          null,
          null,
          1,
          1,
          null,
          null,
          1,
          1,
          null,
          null,
          1,
          1,
          null,
          null,
          1,
          1,
          null,
          null,
          1,
          1,
          null,
          null,
          1,
          1,
          null,
          null,
          1,
          1,
          null,
          null,
          1,
          1,
          null,
          null,
          1,
          1,
          null,
          null,
          null
        ]
      },
      "/Users/susanboyd/turing/1module/projects/black_thursday_project/black_thursday/lib/item.rb": {
        "lines": [
          1,
          1,
          null,
          null,
          1,
          1,
          1,
          null,
          1,
          31451,
          31451,
          31451,
          31451,
          31451,
          31451,
          31451,
          null,
          null,
          1,
          1,
          null,
          null
        ]
      },
      "/Users/susanboyd/turing/1module/projects/black_thursday_project/black_thursday/spec/items_repository_spec.rb": {
        "lines": [
          1,
          1,
          1,
          1,
          null,
          1,
          1,
          11,
          null,
          null,
          1,
          1,
          null,
          null,
          1,
          1,
          null,
          null,
          1,
          1,
          1,
          1,
          null,
          null,
          1,
          1,
          1,
          1,
          null,
          null,
          1,
          1,
          null,
          1,
          null,
          null,
          1,
          1,
          1,
          null,
          null,
          1,
          1,
          null,
          1,
          null,
          null,
          1,
          1,
          1,
          null,
          null,
          1,
          1,
          null,
          null,
          null,
          null,
          null,
          null,
          null,
          null,
          null,
          1,
          null,
          null,
          null,
          1,
          1,
          1,
          null,
          1,
          1,
          null,
          null,
          null,
          null,
          null,
          null,
          1,
          null,
          1,
          1,
          1,
          1,
          null,
          null,
          1,
          1,
          1,
          1,
          1,
          null,
          null,
          null
        ]
      },
      "/Users/susanboyd/turing/1module/projects/black_thursday_project/black_thursday/lib/items_repository.rb": {
        "lines": [
          1,
          1,
          1,
          1,
          1,
          1,
          null,
          1,
          1,
          1,
          null,
          1,
          23,
          31441,
          null,
          null,
          null,
          null,
          null,
          null,
          null,
          null,
          null,
          23,
          null,
          null,
          1,
          34201,
          34201,
          34201,
          34201,
          null,
          null,
          1,
          1,
          1,
          null,
          null,
          1,
          1,
          1367,
          null,
          null,
          null,
          1,
          1,
          1,
          null,
          null,
          1,
          1,
          1367,
          null,
          null,
          null,
          1,
          953,
          null,
          null,
          1,
          1,
          1,
          1,
          1,
          null,
          null
        ]
      },
      "/Users/susanboyd/turing/1module/projects/black_thursday_project/black_thursday/spec/invoice_spec.rb": {
        "lines": [
          1,
          1,
          null,
          1,
          1,
          1,
          null,
          null,
          null,
          null,
          null,
          null,
          null,
          null,
          1,
          1,
          null,
          null,
          1,
          1,
          1,
          1,
          null,
          null,
          1,
          1,
          null,
          null,
          1,
          1,
          1,
          null,
          null,
          null,
          null
        ]
      },
      "/Users/susanboyd/turing/1module/projects/black_thursday_project/black_thursday/lib/invoice.rb": {
        "lines": [
          null,
          1,
          1,
          1,
          null,
          1,
          104687,
          104687,
          104687,
          104687,
          104687,
          104687,
          null,
          null,
          null
        ]
      },
      "/Users/susanboyd/turing/1module/projects/black_thursday_project/black_thursday/spec/invoice_repository_spec.rb": {
        "lines": [
          1,
          1,
          null,
          1,
          1,
          11,
          null,
          null,
          1,
          1,
          1,
          null,
          null,
          1,
          1,
          1,
          5,
          null,
          null,
          null,
          null,
          1,
          1,
          1,
          null,
          null,
          null,
          1,
          1,
          1,
          null,
          1,
          1,
          null,
          null,
          null,
          1,
          1,
          1,
          1,
          1,
          null,
          null,
          null,
          1,
          1,
          1,
          1,
          1,
          1,
          1,
          1,
          null,
          null,
          null,
          1,
          1,
          1,
          1,
          1,
          null,
          null,
          null,
          null,
          1,
          1,
          1,
          1,
          5,
          null,
          1,
          null,
          null,
          null,
          1,
          1,
          4986,
          1,
          null,
          1,
          1,
          null,
          null,
          null,
          1,
          1,
          1,
          1,
          1,
          1,
          1,
          1,
          1,
          null,
          null,
          null,
          1,
          1,
          1,
          1,
          1,
          1,
          null,
          null,
          null
        ]
      },
      "/Users/susanboyd/turing/1module/projects/black_thursday_project/black_thursday/lib/invoice_repository.rb": {
        "lines": [
          1,
          1,
          1,
          1,
          1,
          1,
          null,
          1,
          1,
          1,
          1,
          null,
          1,
          21,
          104685,
          null,
          null,
          null,
          null,
          null,
          null,
          null,
          null,
          21,
          null,
          null,
          1,
          114679,
          114679,
          114679,
          114679,
          114679,
          null,
          null,
          1,
          4,
          null,
          null,
          1,
          2,
          2,
          14,
          null,
          2,
          null,
          null,
          1,
          1,
          null,
          null,
          1,
          2,
          null,
          null,
          1,
          1,
          null,
          null,
          1,
          1,
          1,
          1,
          1,
          null,
          null
        ]
      },
      "/Users/susanboyd/turing/1module/projects/black_thursday_project/black_thursday/spec/invoice_items_spec.rb": {
        "lines": [
          1,
          1,
          1,
          1,
          null,
          1,
          1,
          7,
          null,
          null,
          null,
          null,
          null,
          null,
          null,
          null,
          null,
          null,
          1,
          1,
          null,
          null,
          1,
          1,
          null,
          null,
          1,
          1,
          null,
          null,
          1,
          1,
          null,
          null,
          1,
          1,
          null,
          null,
          1,
          1,
          null,
          null,
          1,
          1,
          null,
          null,
          null
        ]
      },
      "/Users/susanboyd/turing/1module/projects/black_thursday_project/black_thursday/lib/invoice_items.rb": {
        "lines": [
          1,
          null,
          1,
          1,
          null,
          1,
          305628,
          305628,
          305628,
          305628,
          305628,
          305628,
          305628,
          null,
          null,
          1,
          1,
          null,
          null,
          null
        ]
      },
      "/Users/susanboyd/turing/1module/projects/black_thursday_project/black_thursday/spec/invoice_items_repo_spec.rb": {
        "lines": [
          1,
          1,
          1,
          null,
          1,
          1,
          1,
          1,
          1,
          null,
          null,
          null,
          1,
          1,
          1,
          1,
          null,
          null,
          null,
          1,
          1,
          1,
          1,
          1,
          1,
          null,
          null,
          null,
          1,
          1,
          1,
          1,
          1,
          null,
          null,
          null,
          1,
          1,
          1,
          1,
          1,
          1,
          1,
          1,
          null,
          1,
          null,
          null,
          null,
          1,
          1,
          1,
          1,
          21830,
          null,
          1,
          null,
          null,
          null,
          null,
          null,
          1,
          1,
          1,
          null,
          null,
          null,
          1,
          1,
          1,
          1,
          1,
          1,
          1,
          null,
          1,
          1,
          1,
          null,
          null,
          null,
          1,
          1,
          1,
          1,
          1,
          1,
          1,
          null,
          null,
          null,
          null
        ]
      },
      "/Users/susanboyd/turing/1module/projects/black_thursday_project/black_thursday/lib/invoice_items_repository.rb": {
        "lines": [
          1,
          1,
          1,
          1,
          null,
          1,
          1,
          1,
          null,
          1,
          14,
          305620,
          null,
          null,
          null,
          null,
          null,
          null,
          null,
          null,
          14,
          null,
          null,
          1,
          349297,
          349297,
          null,
          null,
          1,
          1,
          null,
          null,
          1,
          2815,
          null,
          null,
          1,
          1,
          1,
          1,
          1,
          null,
          null
        ]
      },
      "/Users/susanboyd/turing/1module/projects/black_thursday_project/black_thursday/spec/sales_engine_spec.rb": {
        "lines": [
          1,
          1,
          1,
          null,
          1,
          1,
          7,
          null,
          null,
          null,
          null,
          null,
          null,
          null,
          null,
          null,
          1,
          1,
          null,
          null,
          1,
          1,
          1,
          1,
          null,
          1,
          1,
          null,
          null,
          1,
          1,
          1,
          null,
          1,
          1,
          null,
          null,
          1,
          1,
          null,
          1,
          null,
          null,
          1,
          1,
          null,
          1,
          null,
          null,
          1,
          1,
          1,
          null,
          null,
          1,
          1,
          1,
          null,
          null
        ]
      },
      "/Users/susanboyd/turing/1module/projects/black_thursday_project/black_thursday/lib/sales_engine.rb": {
        "lines": [
          1,
          1,
          1,
          1,
          1,
          1,
          1,
          null,
          1,
          null,
          1,
          29,
          29,
          29,
          29,
          29,
          29,
          null,
          null,
          1,
          29,
          null,
          null,
          1,
          8805,
          null,
          null,
          1,
          9757,
          null,
          null,
          1,
          2817,
          null,
          null,
          1,
          1917,
          null,
          null,
          1,
          1,
          null,
          null,
          1,
          6461,
          null,
          null,
          1,
          1,
          null,
          null
        ]
      },
      "/Users/susanboyd/turing/1module/projects/black_thursday_project/black_thursday/lib/customer_repository.rb": {
        "lines": [
          1,
          1,
          1,
          null,
          1,
          1,
          1,
          null,
          1,
          9,
          9000,
          null,
          null,
          null,
          null,
          null,
          null,
          null,
          9,
          null,
          null,
          1,
          11012,
          11012,
          null,
          null,
          1,
          1,
          null,
          null,
          1,
          1,
          null,
          null,
          1,
          2,
          2,
          1278,
          null,
          2,
          null,
          null,
          1,
          1,
          1,
          1,
          1,
          null,
          null
        ]
      },
      "/Users/susanboyd/turing/1module/projects/black_thursday_project/black_thursday/lib/customer.rb": {
        "lines": [
          1,
          1,
          1,
          null,
          1,
          9005,
          9005,
          9005,
          9005,
          9005,
          null,
          null,
          null
        ]
      },
      "/Users/susanboyd/turing/1module/projects/black_thursday_project/black_thursday/lib/transaction_repository.rb": {
        "lines": [
          1,
          1,
          1,
          1,
          null,
          1,
          1,
          1,
          1,
          null,
          1,
          14,
          69790,
          null,
          null,
          null,
          null,
          null,
          null,
          null,
          null,
          null,
          14,
          null,
          null,
          1,
          79777,
          79777,
          79777,
          79777,
          null,
          null,
          1,
          6461,
          null,
          null,
          1,
          2,
          null,
          null,
          1,
          1,
          null,
          null,
          1,
          1,
          1,
          1,
          1,
          null,
          null
        ]
      },
      "/Users/susanboyd/turing/1module/projects/black_thursday_project/black_thursday/lib/transaction.rb": {
        "lines": [
          null,
          1,
          1,
          1,
          null,
          1,
          69798,
          69798,
          69798,
          69798,
          69798,
          69798,
          69798,
          null,
          null
        ]
      },
      "/Users/susanboyd/turing/1module/projects/black_thursday_project/black_thursday/spec/customer_spec.rb": {
        "lines": [
          1,
          1,
          null,
          1,
          1,
          4,
          null,
          null,
          null,
          null,
          null,
          null,
          null,
          null,
          1,
          1,
          1,
          null,
          null,
          1,
          1,
          null,
          null,
          1,
          1,
          1,
          null,
          null,
          1,
          1,
          1,
          null,
          null,
          null
        ]
      },
      "/Users/susanboyd/turing/1module/projects/black_thursday_project/black_thursday/spec/customer_repository_spec.rb": {
        "lines": [
          1,
          1,
          null,
          1,
          1,
          8,
          null,
          null,
          1,
          1,
          1,
          null,
          null,
          1,
          1,
          1,
          1,
          null,
          null,
          null,
          1,
          1,
          1,
          null,
          null,
          null,
          1,
          1,
          1,
          1,
          1,
          1,
          null,
          null,
          null,
          1,
          1,
          1,
          1,
          1,
          1,
          null,
          null,
          null,
          1,
          1,
          1,
          1000,
          null,
          1,
          null,
          1,
          1,
          null,
          null,
          null,
          1,
          1,
          1,
          1,
          1,
          1,
          null,
          1,
          1,
          1,
          1,
          null,
          null,
          null,
          1,
          1,
          1,
          1,
          1,
          null,
          null,
          null
        ]
      },
      "/Users/susanboyd/turing/1module/projects/black_thursday_project/black_thursday/spec/transaction_spec.rb": {
        "lines": [
          1,
          1,
          null,
          1,
          1,
          7,
          null,
          null,
          null,
          null,
          null,
          null,
          null,
          null,
          null,
          null,
          1,
          1,
          null,
          null,
          1,
          1,
          null,
          null,
          1,
          1,
          null,
          null,
          1,
          1,
          null,
          null,
          1,
          1,
          null,
          null,
          1,
          1,
          null,
          null,
          1,
          1,
          1,
          null,
          null,
          null,
          null
        ]
      },
      "/Users/susanboyd/turing/1module/projects/black_thursday_project/black_thursday/spec/transaction_repository_spec.rb": {
        "lines": [
          1,
          1,
          1,
          null,
          1,
          1,
          10,
          null,
          null,
          1,
          1,
          1,
          null,
          null,
          1,
          1,
          1,
          1,
          null,
          null,
          null,
          1,
          1,
          1,
          null,
          null,
          null,
          1,
          1,
          1,
          1,
          1,
          null,
          null,
          null,
          1,
          1,
          1,
          1,
          null,
          null,
          null,
          1,
          1,
          1,
          null,
          1,
          1,
          null,
          1,
          1,
          null,
          null,
          null,
          1,
          1,
          1,
          1,
          1,
          null,
          null,
          null,
          1,
          1,
          1,
          4985,
          null,
          null,
          1,
          null,
          null,
          null,
          null,
          1,
          1,
          null,
          null,
          null,
          1,
          1,
          1,
          1,
          1,
          1,
          1,
          null,
          null,
          null,
          1,
          1,
          1,
          1,
          1,
          null,
          null,
          null
        ]
      },
      "/Users/susanboyd/turing/1module/projects/black_thursday_project/black_thursday/spec/sales_analyst_spec.rb": {
        "lines": [
          1,
          1,
          1,
          1,
          null,
          1,
          1,
          22,
          null,
          null,
          null,
          null,
          null,
          null,
          null,
          22,
          null,
          null,
          1,
          1,
          1,
          null,
          null,
          1,
          1,
          null,
          null,
          1,
          1,
          null,
          null,
          1,
          1,
          null,
          null,
          1,
          1,
          1,
          null,
          null,
          1,
          1,
          1,
          null,
          null,
          1,
          1,
          null,
          null,
          1,
          1,
          null,
          null,
          1,
          1,
          null,
          null,
          1,
          1,
          null,
          null,
          1,
          1,
          null,
          null,
          1,
          1,
          null,
          null,
          1,
          1,
          1,
          1,
          null,
          null,
          1,
          1,
          1,
          null,
          null,
          1,
          1,
          null,
          null,
          1,
          1,
          1,
          1,
          null,
          null,
          1,
          1,
          1,
          1,
          1,
          1,
          null,
          null,
          1,
          1,
          1,
          1,
          1,
          null,
          null,
          1,
          1,
          null,
          1,
          1,
          1,
          null,
          null,
          1,
          1,
          null,
          null,
          1,
          1,
          null,
          null,
          1,
          1,
          1,
          null,
          null
        ]
      },
      "/Users/susanboyd/turing/1module/projects/black_thursday_project/black_thursday/lib/sales_analyst.rb": {
        "lines": [
          1,
          1,
          1,
          1,
          1,
          1,
          1,
          1,
          null,
          1,
          1,
          null,
          1,
          null,
          1,
          1,
          1,
          1,
          null,
          1,
          23,
          null,
          null,
          1,
          1427,
          null,
          null,
          1,
          452676,
          951,
          null,
          null,
          1,
          1,
          475,
          null,
          53,
          null,
          null,
          null,
          1,
          952,
          3698,
          952,
          952,
          null,
          null,
          1,
          2,
          950,
          null,
          2,
          2,
          null,
          null,
          1,
          1368,
          1,
          1,
          1,
          1367,
          null,
          null,
          null,
          1,
          1427,
          null,
          null,
          1,
          226576,
          476,
          null,
          null,
          1,
          1,
          475,
          null,
          13,
          null,
          null,
          1,
          1,
          475,
          null,
          null,
          null,
          1,
          8,
          1,
          1,
          1,
          7,
          null,
          1,
          null,
          null,
          1,
          3,
          3,
          null,
          null,
          1,
          6460,
          6460,
          12950,
          3654,
          null,
          2806,
          null,
          null,
          null,
          1,
          2811,
          2811,
          14988,
          2811,
          null,
          null,
          null,
          1,
          1,
          1,
          1,
          null,
          null,
          1,
          1,
          1,
          1,
          null,
          null,
          1,
          1,
          1473,
          null,
          1,
          630,
          null,
          1,
          1,
          630,
          null,
          1,
          null,
          null,
          1,
          2,
          2,
          9,
          null,
          null,
          1,
          1,
          1,
          4985,
          4985,
          4985,
          null,
          6,
          null,
          null,
          1,
          3,
          3,
          1425,
          null,
          732,
          null,
          null,
          1,
          488,
          2,
          null,
          null,
          null
        ]
      },
      "/Users/susanboyd/turing/1module/projects/black_thursday_project/black_thursday/lib/mathable.rb": {
        "lines": [
          1,
          null,
          1,
          3810,
          null,
          null,
          1,
          680628,
          1429,
          1429,
          1429,
          null,
          null,
          null
        ]
      },
      "/Users/susanboyd/turing/1module/projects/black_thursday_project/black_thursday/lib/analysis_aide.rb": {
        "lines": [
          null,
          1,
          null,
          1,
          4,
          4,
          5468,
          null,
          4,
          null,
          null,
          1,
          4,
          4,
          5468,
          5468,
          5468,
          5468,
          null,
          4,
          null,
          null,
          1,
          2,
          2,
          32,
          null,
          2,
          null,
          null
        ]
      }
    },
    "timestamp": 1646278800
  }
}
